This is pdfTeX, Version 3.1415926-2.3-1.40.12 (MiKTeX 2.9) (preloaded format=pdflatex 2012.2.1)  28 MAR 2012 20:21
entering extended mode
**thesis.tex
(D:\Data\Documents\27.03\thesis\thesis.tex
LaTeX2e <2011/06/27>
Babel <v3.8m> and hyphenation patterns for english, afrikaans, ancientgreek, ar
abic, armenian, assamese, basque, bengali, bokmal, bulgarian, catalan, coptic, 
croatian, czech, danish, dutch, esperanto, estonian, farsi, finnish, french, ga
lician, german, german-x-2009-06-19, greek, gujarati, hindi, hungarian, iceland
ic, indonesian, interlingua, irish, italian, kannada, kurmanji, lao, latin, lat
vian, lithuanian, malayalam, marathi, mongolian, mongolianlmc, monogreek, ngerm
an, ngerman-x-2009-06-19, nynorsk, oriya, panjabi, pinyin, polish, portuguese, 
romanian, russian, sanskrit, serbian, slovak, slovenian, spanish, swedish, swis
sgerman, tamil, telugu, turkish, turkmen, ukenglish, ukrainian, uppersorbian, u
senglishmax, welsh, loaded.
("C:\Program Files (x86)\MiKTeX 2.9\tex\latex\koma-script\scrbook.cls"
Document Class: scrbook 2011/06/16 v3.09a KOMA-Script document class (book)
("C:\Program Files (x86)\MiKTeX 2.9\tex\latex\koma-script\scrkbase.sty"
Package: scrkbase 2011/06/16 v3.09a KOMA-Script package (KOMA-Script-dependent 
basics and keyval usage)

("C:\Program Files (x86)\MiKTeX 2.9\tex\latex\koma-script\scrbase.sty"
Package: scrbase 2011/06/16 v3.09a KOMA-Script package (KOMA-Script-independent
 basics and keyval usage)

("C:\Program Files (x86)\MiKTeX 2.9\tex\latex\graphics\keyval.sty"
Package: keyval 1999/03/16 v1.13 key=value parser (DPC)
\KV@toks@=\toks14
)
("C:\Program Files (x86)\MiKTeX 2.9\tex\latex\koma-script\scrlfile.sty"
Package: scrlfile 2011/03/09 v3.09 KOMA-Script package (loading files)

Package scrlfile, 2011/03/09 v3.09 KOMA-Script package (loading files)
                  Copyright (C) Markus Kohm

))) ("C:\Program Files (x86)\MiKTeX 2.9\tex\latex\koma-script\tocbasic.sty"
Package: tocbasic 2011/05/30 v3.09a KOMA-Script package (handling toc-files)
)
Package tocbasic Info: omitting babel extension for `toc'
(tocbasic)             because of feature `nobabel' available
(tocbasic)             for `toc' on input line 117.
Package tocbasic Info: omitting babel extension for `lof'
(tocbasic)             because of feature `nobabel' available
(tocbasic)             for `lof' on input line 118.
Package tocbasic Info: omitting babel extension for `lot'
(tocbasic)             because of feature `nobabel' available
(tocbasic)             for `lot' on input line 119.
Package scrbook Info: You've used obsolete option `12pt'.
(scrbook)             \KOMAExecuteOptions{fontsize=12pt} will be
(scrbook)             used instead.
(scrbook)             You may simply replace `12pt'
(scrbook)             by `fontsize=12pt'.
Class scrbook Info: You've used standard option `oneside'.
(scrbook)           This is correct!
(scrbook)           Internally I'm using `twoside=false'.
(scrbook)           If you'd like to set the option with \KOMAoptions,
(scrbook)           you'd have to use `twoside=false' there
(scrbook)           instead of `oneside', too.
Class scrbook Info: File `scrsize12pt.clo' used to setup font sizes on input li
ne 1348.

("C:\Program Files (x86)\MiKTeX 2.9\tex\latex\koma-script\scrsize12pt.clo"
File: scrsize12pt.clo 2011/06/16 v3.09a KOMA-Script font size class option (12p
t)
)
("C:\Program Files (x86)\MiKTeX 2.9\tex\latex\koma-script\typearea.sty"
Package: typearea 2011/06/16 v3.09a KOMA-Script package (type area)

Package typearea, 2011/06/16 v3.09a KOMA-Script package (type area)
                  Copyright (C) Frank Neukam, 1992-1994
                  Copyright (C) Markus Kohm, 1994-

\ta@bcor=\skip41
\ta@div=\count79
Package typearea Info: You've used standard option `a4paper'.
(typearea)             This is correct!
(typearea)             Internally I'm using `paper=a4'.
(typearea)             If you'd like to set the option with \KOMAoptions,
(typearea)             you'd have to use `paper=a4' there
(typearea)             instead of `a4paper', too.
Package typearea Info: You've used standard option `oneside'.
(typearea)             This is correct!
(typearea)             Internally I'm using `twoside=false'.
(typearea)             If you'd like to set the option with \KOMAoptions,
(typearea)             you'd have to use `twoside=false' there
(typearea)             instead of `oneside', too.
\ta@hblk=\skip42
\ta@vblk=\skip43
\ta@temp=\skip44
Package typearea Info: These are the values describing the layout:
(typearea)             DIV  = 12
(typearea)             BCOR = 28.45274pt
(typearea)             \paperwidth      = 597.50793pt
(typearea)              \textwidth      = 426.7914pt
(typearea)              DIV departure   = -1%
(typearea)              \evensidemargin = 27.31465pt
(typearea)              \oddsidemargin  = 27.31465pt
(typearea)             \paperheight     = 845.04694pt
(typearea)              \textheight     = 635.5pt
(typearea)              \topmargin      = -41.72441pt
(typearea)              \headheight     = 18.125pt
(typearea)              \headsep        = 21.75pt
(typearea)              \topskip        = 12.0pt
(typearea)              \footskip       = 50.75pt
(typearea)              \baselineskip   = 14.5pt
(typearea)              on input line 1139.
)
\c@part=\count80
\c@chapter=\count81
\c@section=\count82
\c@subsection=\count83
\c@subsubsection=\count84
\c@paragraph=\count85
\c@subparagraph=\count86
\abovecaptionskip=\skip45
\belowcaptionskip=\skip46
\c@pti@nb@sid@b@x=\box26
\c@figure=\count87
\c@table=\count88
\bibindent=\dimen102
) ("C:\Program Files (x86)\MiKTeX 2.9\tex\latex\base\inputenc.sty"
Package: inputenc 2008/03/30 v1.1d Input encoding file
\inpenc@prehook=\toks15
\inpenc@posthook=\toks16

("C:\Program Files (x86)\MiKTeX 2.9\tex\latex\base\latin1.def"
File: latin1.def 2008/03/30 v1.1d Input encoding file
))
("C:\Program Files (x86)\MiKTeX 2.9\tex\latex\cmap\cmap.sty"
Package: cmap 2008/03/06 v1.0h CMap support: searchable PDF
)
("C:\Program Files (x86)\MiKTeX 2.9\tex\latex\base\fontenc.sty"
Package: fontenc 2005/09/27 v1.99g Standard LaTeX package

("C:\Program Files (x86)\MiKTeX 2.9\tex\latex\base\t1enc.def"
File: t1enc.def 2005/09/27 v1.99g Standard LaTeX file
LaTeX Font Info:    Redeclaring font encoding T1 on input line 43.
)<<t1.cmap>>)
("C:\Program Files (x86)\MiKTeX 2.9\tex\latex\lm\lmodern.sty"
Package: lmodern 2009/10/30 v1.6 Latin Modern Fonts
LaTeX Font Info:    Overwriting symbol font `operators' in version `normal'
(Font)                  OT1/cmr/m/n --> OT1/lmr/m/n on input line 22.
LaTeX Font Info:    Overwriting symbol font `letters' in version `normal'
(Font)                  OML/cmm/m/it --> OML/lmm/m/it on input line 23.
LaTeX Font Info:    Overwriting symbol font `symbols' in version `normal'
(Font)                  OMS/cmsy/m/n --> OMS/lmsy/m/n on input line 24.
LaTeX Font Info:    Overwriting symbol font `largesymbols' in version `normal'
(Font)                  OMX/cmex/m/n --> OMX/lmex/m/n on input line 25.
LaTeX Font Info:    Overwriting symbol font `operators' in version `bold'
(Font)                  OT1/cmr/bx/n --> OT1/lmr/bx/n on input line 26.
LaTeX Font Info:    Overwriting symbol font `letters' in version `bold'
(Font)                  OML/cmm/b/it --> OML/lmm/b/it on input line 27.
LaTeX Font Info:    Overwriting symbol font `symbols' in version `bold'
(Font)                  OMS/cmsy/b/n --> OMS/lmsy/b/n on input line 28.
LaTeX Font Info:    Overwriting symbol font `largesymbols' in version `bold'
(Font)                  OMX/cmex/m/n --> OMX/lmex/m/n on input line 29.
LaTeX Font Info:    Overwriting math alphabet `\mathbf' in version `normal'
(Font)                  OT1/cmr/bx/n --> OT1/lmr/bx/n on input line 31.
LaTeX Font Info:    Overwriting math alphabet `\mathsf' in version `normal'
(Font)                  OT1/cmss/m/n --> OT1/lmss/m/n on input line 32.
LaTeX Font Info:    Overwriting math alphabet `\mathit' in version `normal'
(Font)                  OT1/cmr/m/it --> OT1/lmr/m/it on input line 33.
LaTeX Font Info:    Overwriting math alphabet `\mathtt' in version `normal'
(Font)                  OT1/cmtt/m/n --> OT1/lmtt/m/n on input line 34.
LaTeX Font Info:    Overwriting math alphabet `\mathbf' in version `bold'
(Font)                  OT1/cmr/bx/n --> OT1/lmr/bx/n on input line 35.
LaTeX Font Info:    Overwriting math alphabet `\mathsf' in version `bold'
(Font)                  OT1/cmss/bx/n --> OT1/lmss/bx/n on input line 36.
LaTeX Font Info:    Overwriting math alphabet `\mathit' in version `bold'
(Font)                  OT1/cmr/bx/it --> OT1/lmr/bx/it on input line 37.
LaTeX Font Info:    Overwriting math alphabet `\mathtt' in version `bold'
(Font)                  OT1/cmtt/m/n --> OT1/lmtt/m/n on input line 38.
)
("C:\Program Files (x86)\MiKTeX 2.9\tex\latex\graphics\graphicx.sty"
Package: graphicx 1999/02/16 v1.0f Enhanced LaTeX Graphics (DPC,SPQR)

("C:\Program Files (x86)\MiKTeX 2.9\tex\latex\graphics\graphics.sty"
Package: graphics 2009/02/05 v1.0o Standard LaTeX Graphics (DPC,SPQR)

("C:\Program Files (x86)\MiKTeX 2.9\tex\latex\graphics\trig.sty"
Package: trig 1999/03/16 v1.09 sin cos tan (DPC)
)
("C:\Program Files (x86)\MiKTeX 2.9\tex\latex\00miktex\graphics.cfg"
File: graphics.cfg 2007/01/18 v1.5 graphics configuration of teTeX/TeXLive
)
Package graphics Info: Driver file: pdftex.def on input line 91.

("C:\Program Files (x86)\MiKTeX 2.9\tex\latex\pdftex-def\pdftex.def"
File: pdftex.def 2011/05/27 v0.06d Graphics/color for pdfTeX

("C:\Program Files (x86)\MiKTeX 2.9\tex\generic\oberdiek\infwarerr.sty"
Package: infwarerr 2010/04/08 v1.3 Providing info/warning/message (HO)
)
("C:\Program Files (x86)\MiKTeX 2.9\tex\generic\oberdiek\ltxcmds.sty"
Package: ltxcmds 2011/04/18 v1.20 LaTeX kernel commands for general use (HO)
)
\Gread@gobject=\count89
))
\Gin@req@height=\dimen103
\Gin@req@width=\dimen104
)
("C:\Program Files (x86)\MiKTeX 2.9\tex\latex\base\makeidx.sty"
Package: makeidx 2000/03/29 v1.0m Standard LaTeX package
)
("C:\Program Files (x86)\MiKTeX 2.9\tex\latex\subfigure\subfigure.sty"
Package: subfigure 2002/07/30 v2.1.4 subfigure package
\subfigtopskip=\skip47
\subfigcapskip=\skip48
\subfigcaptopadj=\dimen105
\subfigbottomskip=\skip49
\subfigcapmargin=\dimen106
\subfiglabelskip=\skip50
\c@subfigure=\count90
\c@lofdepth=\count91
\c@subtable=\count92
\c@lotdepth=\count93

****************************************
* Local config file subfigure.cfg used *
****************************************
("C:\Program Files (x86)\MiKTeX 2.9\tex\latex\subfigure\subfigure.cfg")
\subfig@top=\skip51
\subfig@bottom=\skip52
)
("C:\Program Files (x86)\MiKTeX 2.9\tex\latex\listings\listings.sty"
\lst@mode=\count94
\lst@gtempboxa=\box27
\lst@token=\toks17
\lst@length=\count95
\lst@currlwidth=\dimen107
\lst@column=\count96
\lst@pos=\count97
\lst@lostspace=\dimen108
\lst@width=\dimen109
\lst@newlines=\count98
\lst@lineno=\count99
\lst@maxwidth=\dimen110

("C:\Program Files (x86)\MiKTeX 2.9\tex\latex\listings\lstmisc.sty"
File: lstmisc.sty 2007/02/22 1.4 (Carsten Heinz)
\c@lstnumber=\count100
\lst@skipnumbers=\count101
\lst@framebox=\box28
)
("C:\Program Files (x86)\MiKTeX 2.9\tex\latex\listings\listings.cfg"
File: listings.cfg 2007/02/22 1.4 listings configuration
))
Package: listings 2007/02/22 1.4 (Carsten Heinz)
\@indexfile=\write3

Writing index file thesis.idx
("C:\Program Files (x86)\MiKTeX 2.9\tex\latex\units\units.sty"
Package: units 1998/08/04 v0.9b Typesetting units

("C:\Program Files (x86)\MiKTeX 2.9\tex\latex\base\ifthen.sty"
Package: ifthen 2001/05/26 v1.1c Standard LaTeX ifthen package (DPC)
)
("C:\Program Files (x86)\MiKTeX 2.9\tex\latex\units\nicefrac.sty"
Package: nicefrac 1998/08/04 v0.9b Nice fractions
\L@UnitsRaiseDisplaystyle=\skip53
\L@UnitsRaiseTextstyle=\skip54
\L@UnitsRaiseScriptstyle=\skip55
))
(D:\Data\Documents\27.03\thesis\lfbsdasa.sty
Package: lfbsdasa 2009/10/20 Vorlage fuer Diplom- und Studienarbeiten am LfBS

("C:\Program Files (x86)\MiKTeX 2.9\tex\latex\caption\caption.sty"
Package: caption 2012/02/19 v3.2f Customizing captions (AR)

("C:\Program Files (x86)\MiKTeX 2.9\tex\latex\caption\caption3.sty"
Package: caption3 2012/01/12 v1.4b caption3 kernel (AR)
\captionmargin=\dimen111
\captionmargin@=\dimen112
\captionwidth=\dimen113
\caption@indent=\dimen114
\caption@parindent=\dimen115
\caption@hangindent=\dimen116
)
Package caption Info: KOMA-Script document class.
\c@ContinuedFloat=\count102
Package caption Info: listings package is loaded.
Package caption Info: subfigure package is loaded.
)
("C:\Program Files (x86)\MiKTeX 2.9\tex\generic\babel\babel.sty"
Package: babel 2008/07/08 v3.8m The Babel package

*************************************
* Local config file bblopts.cfg used
*
("C:\Program Files (x86)\MiKTeX 2.9\tex\latex\00miktex\bblopts.cfg"
File: bblopts.cfg 2006/07/31 v1.0 MiKTeX 'babel' configuration
)
("C:\Program Files (x86)\MiKTeX 2.9\tex\generic\babel\ngermanb.ldf"
Language: ngermanb 2008/07/06 v2.6n new German support from the babel system

("C:\Program Files (x86)\MiKTeX 2.9\tex\generic\babel\babel.def"
File: babel.def 2008/07/08 v3.8m Babel common definitions
\babel@savecnt=\count103
\U@D=\dimen117
)
\l@naustrian = a dialect from \language\l@ngerman 
Package babel Info: Making " an active character on input line 92.
)
("C:\Program Files (x86)\MiKTeX 2.9\tex\generic\babel\english.ldf"
Language: english 2005/03/30 v3.3o English support from the babel system
\l@canadian = a dialect from \language\l@american 
\l@australian = a dialect from \language\l@british 
\l@newzealand = a dialect from \language\l@british 
))
("C:\Program Files (x86)\MiKTeX 2.9\tex\latex\tools\xspace.sty"
Package: xspace 2009/10/20 v1.13 Space after command names (DPC,MH)
)
("C:\Program Files (x86)\MiKTeX 2.9\tex\latex\hyperref\hyperref.sty"
Package: hyperref 2011/08/19 v6.82h Hypertext links for LaTeX

("C:\Program Files (x86)\MiKTeX 2.9\tex\generic\oberdiek\hobsub-hyperref.sty"
Package: hobsub-hyperref 2011/04/23 v1.4 Bundle oberdiek, subset hyperref (HO)

("C:\Program Files (x86)\MiKTeX 2.9\tex\generic\oberdiek\hobsub-generic.sty"
Package: hobsub-generic 2011/04/23 v1.4 Bundle oberdiek, subset generic (HO)
Package: hobsub 2011/04/23 v1.4 Subsetting bundle oberdiek (HO)
Package hobsub Info: Skipping package `infwarerr' (already loaded).
Package hobsub Info: Skipping package `ltxcmds' (already loaded).
Package: ifluatex 2010/03/01 v1.3 Provides the ifluatex switch (HO)
Package ifluatex Info: LuaTeX not detected.
Package: ifvtex 2010/03/01 v1.5 Switches for detecting VTeX and its modes (HO)
Package ifvtex Info: VTeX not detected.
Package: intcalc 2007/09/27 v1.1 Expandable integer calculations (HO)
Package: ifpdf 2011/01/30 v2.3 Provides the ifpdf switch (HO)
Package ifpdf Info: pdfTeX in PDF mode is detected.
Package: etexcmds 2011/02/16 v1.5 Prefix for e-TeX command names (HO)
Package etexcmds Info: Could not find \expanded.
(etexcmds)             That can mean that you are not using pdfTeX 1.50 or
(etexcmds)             that some package has redefined \expanded.
(etexcmds)             In the latter case, load this package earlier.
Package: kvsetkeys 2011/04/07 v1.13 Key value parser (HO)
Package: kvdefinekeys 2011/04/07 v1.3 Defining keys (HO)
Package: pdftexcmds 2011/04/22 v0.16 Utilities of pdfTeX for LuaTeX (HO)
Package pdftexcmds Info: LuaTeX not detected.
Package pdftexcmds Info: \pdf@primitive is available.
Package pdftexcmds Info: \pdf@ifprimitive is available.
Package pdftexcmds Info: \pdfdraftmode found.
Package: pdfescape 2011/04/04 v1.12 Provides string conversions (HO)
Package: bigintcalc 2011/01/30 v1.2 Expandable big integer calculations (HO)
Package: bitset 2011/01/30 v1.1 Data type bit set (HO)
Package: uniquecounter 2011/01/30 v1.2 Provides unlimited unique counter (HO)
)
Package hobsub Info: Skipping package `hobsub' (already loaded).
Package: letltxmacro 2010/09/02 v1.4 Let assignment for LaTeX macros (HO)
Package: hopatch 2011/01/30 v1.0 Wrapper for package hooks (HO)
Package: xcolor-patch 2011/01/30 xcolor patch
Package: atveryend 2011/04/23 v1.7 Hooks at very end of document (HO)
Package: atbegshi 2011/01/30 v1.15 At begin shipout hook (HO)
Package: refcount 2010/12/01 v3.2 Data extraction from references (HO)
Package: hycolor 2011/01/30 v1.7 Color options of hyperref/bookmark (HO)
)
("C:\Program Files (x86)\MiKTeX 2.9\tex\generic\ifxetex\ifxetex.sty"
Package: ifxetex 2010/09/12 v0.6 Provides ifxetex conditional
)
("C:\Program Files (x86)\MiKTeX 2.9\tex\latex\oberdiek\kvoptions.sty"
Package: kvoptions 2010/12/23 v3.10 Keyval support for LaTeX options (HO)
)
\@linkdim=\dimen118
\Hy@linkcounter=\count104
\Hy@pagecounter=\count105

("C:\Program Files (x86)\MiKTeX 2.9\tex\latex\hyperref\pd1enc.def"
File: pd1enc.def 2011/08/19 v6.82h Hyperref: PDFDocEncoding definition (HO)
)
\Hy@SavedSpaceFactor=\count106

("C:\Program Files (x86)\MiKTeX 2.9\tex\latex\00miktex\hyperref.cfg"
File: hyperref.cfg 2002/06/06 v1.2 hyperref configuration of TeXLive
)
Package hyperref Info: Hyper figures OFF on input line 4053.
Package hyperref Info: Link nesting OFF on input line 4058.
Package hyperref Info: Hyper index ON on input line 4061.
Package hyperref Info: Plain pages OFF on input line 4068.
Package hyperref Info: Backreferencing OFF on input line 4073.
Package hyperref Info: Implicit mode ON; LaTeX internals redefined.
Package hyperref Info: Bookmarks ON on input line 4291.
\c@Hy@tempcnt=\count107

("C:\Program Files (x86)\MiKTeX 2.9\tex\latex\ltxmisc\url.sty"
\Urlmuskip=\muskip10
Package: url 2006/04/12  ver 3.3  Verb mode for urls, etc.
)
LaTeX Info: Redefining \url on input line 4644.
\Fld@menulength=\count108
\Field@Width=\dimen119
\Fld@charsize=\dimen120
Package hyperref Info: Hyper figures OFF on input line 5730.
Package hyperref Info: Link nesting OFF on input line 5735.
Package hyperref Info: Hyper index ON on input line 5738.
Package hyperref Info: backreferencing OFF on input line 5745.
Package hyperref Info: Link coloring OFF on input line 5750.
Package hyperref Info: Link coloring with OCG OFF on input line 5755.
Package hyperref Info: PDF/A mode OFF on input line 5760.
LaTeX Info: Redefining \ref on input line 5800.
LaTeX Info: Redefining \pageref on input line 5804.
\Hy@abspage=\count109
\c@Item=\count110
\c@Hfootnote=\count111
)

Package hyperref Message: Driver (autodetected): hpdftex.

("C:\Program Files (x86)\MiKTeX 2.9\tex\latex\hyperref\hpdftex.def"
File: hpdftex.def 2011/08/19 v6.82h Hyperref driver for pdfTeX
\Fld@listcount=\count112
\c@bookmark@seq@number=\count113

("C:\Program Files (x86)\MiKTeX 2.9\tex\latex\oberdiek\rerunfilecheck.sty"
Package: rerunfilecheck 2011/04/15 v1.7 Rerun checks for auxiliary files (HO)
Package uniquecounter Info: New unique counter `rerunfilecheck' on input line 2
82.
)
\Hy@SectionHShift=\skip56
)
\@templength=\skip57
\@supervisorlength=\skip58
\@supervisorlabellength=\skip59
\@supervisornamelength=\skip60
\@secondrefereenamelength=\skip61
)
(D:\Data\Documents\27.03\thesis\thesis.aux
(D:\Data\Documents\27.03\thesis\chapter_introduction.aux)
(D:\Data\Documents\27.03\thesis\chapter_basics.aux)
(D:\Data\Documents\27.03\thesis\chapter_realisations.aux)
(D:\Data\Documents\27.03\thesis\chapter_conclusions.aux))
LaTeX Font Info:    Checking defaults for OML/cmm/m/it on input line 49.
LaTeX Font Info:    ... okay on input line 49.
LaTeX Font Info:    Checking defaults for T1/cmr/m/n on input line 49.
LaTeX Font Info:    ... okay on input line 49.
LaTeX Font Info:    Checking defaults for OT1/cmr/m/n on input line 49.
LaTeX Font Info:    ... okay on input line 49.
LaTeX Font Info:    Checking defaults for OMS/cmsy/m/n on input line 49.
LaTeX Font Info:    ... okay on input line 49.
LaTeX Font Info:    Checking defaults for OMX/cmex/m/n on input line 49.
LaTeX Font Info:    ... okay on input line 49.
LaTeX Font Info:    Checking defaults for U/cmr/m/n on input line 49.
LaTeX Font Info:    ... okay on input line 49.
LaTeX Font Info:    Checking defaults for PD1/pdf/m/n on input line 49.
LaTeX Font Info:    ... okay on input line 49.
LaTeX Font Info:    Try loading font information for T1+lmr on input line 49.

("C:\Program Files (x86)\MiKTeX 2.9\tex\latex\lm\t1lmr.fd"
File: t1lmr.fd 2009/10/30 v1.6 Font defs for Latin Modern
)
("C:\Program Files (x86)\MiKTeX 2.9\tex\context\base\supp-pdf.mkii"
[Loading MPS to PDF converter (version 2006.09.02).]
\scratchcounter=\count114
\scratchdimen=\dimen121
\scratchbox=\box29
\nofMPsegments=\count115
\nofMParguments=\count116
\everyMPshowfont=\toks18
\MPscratchCnt=\count117
\MPscratchDim=\dimen122
\MPnumerator=\count118
\makeMPintoPDFobject=\count119
\everyMPtoPDFconversion=\toks19
)
\c@lstlisting=\count120
Package caption Info: Begin \AtBeginDocument code.
Package caption Info: hyperref package is loaded.
Package caption Info: End \AtBeginDocument code.
\AtBeginShipoutBox=\box30
Package hyperref Info: Link coloring OFF on input line 49.
 ("C:\Program Files (x86)\MiKTeX 2.9\tex\latex\hyperref\nameref.sty"
Package: nameref 2010/04/30 v2.40 Cross-referencing by name of section

("C:\Program Files (x86)\MiKTeX 2.9\tex\generic\oberdiek\gettitlestring.sty"
Package: gettitlestring 2010/12/03 v1.4 Cleanup title references (HO)
)
\c@section@level=\count121
)
LaTeX Info: Redefining \ref on input line 49.
LaTeX Info: Redefining \pageref on input line 49.
LaTeX Info: Redefining \nameref on input line 49.

(D:\Data\Documents\27.03\thesis\thesis.out)
(D:\Data\Documents\27.03\thesis\thesis.out)
\@outlinefile=\write4
Package hyperref Info: Option `bookmarksnumbered' set `true' on input line 49.
Package hyperref Info: Option `plainpages' set `false' on input line 49.

(D:\Data\Documents\27.03\thesis\my_config.tex)
<logo/LfBS_LOGO_3c.pdf, id=68, 512.91624pt x 69.25874pt>
File: logo/LfBS_LOGO_3c.pdf Graphic file (type pdf)

<use logo/LfBS_LOGO_3c.pdf>
Package pdftex.def Info: logo/LfBS_LOGO_3c.pdf used on input line 60.
(pdftex.def)             Requested size: 347.12354pt x 46.87231pt.

<logo/dez5___rwthlogo_eps_rwthlogo5_english_blau.pdf, id=69, 581.17125pt x 150.
5625pt>
File: logo/dez5___rwthlogo_eps_rwthlogo5_english_blau.pdf Graphic file (type pd
f)
 <use logo/dez5___rwthlogo_eps_rwthlogo5_english_blau.pdf>
Package pdftex.def Info: logo/dez5___rwthlogo_eps_rwthlogo5_english_blau.pdf us
ed on input line 60.
(pdftex.def)             Requested size: 173.56198pt x 44.96461pt.
 [1




{C:/ProgramData/MiKTeX/2.9/pdftex/config/pdftex.map} <D:/Data/Documents/27.03/t
hesis/logo/LfBS_LOGO_3c.pdf> <D:/Data/Documents/27.03/thesis/logo/dez5___rwthlo
go_eps_rwthlogo5_english_blau.pdf>] (D:\Data\Documents\27.03\thesis\my_chapters
.tex
(D:\Data\Documents\27.03\thesis\chapter_introduction.tex
Chapter 1.

Class scrbook Warning: \float@addtolists detected!
(scrbook)              You should use the features of package `tocbasic'
(scrbook)              instead of \float@addtolists.
(scrbook)              Support for \float@addtolists may be removed from
(scrbook)              `scrbook' soon .

LaTeX Font Info:    Try loading font information for T1+lmss on input line 1.
("C:\Program Files (x86)\MiKTeX 2.9\tex\latex\lm\t1lmss.fd"
File: t1lmss.fd 2009/10/30 v1.6 Font defs for Latin Modern
)
Underfull \hbox (badness 10000) in paragraph at lines 3--24

 []

LaTeX Font Info:    Try loading font information for OT1+lmr on input line 27.
("C:\Program Files (x86)\MiKTeX 2.9\tex\latex\lm\ot1lmr.fd"
File: ot1lmr.fd 2009/10/30 v1.6 Font defs for Latin Modern
)<<ot1.cmap>>
LaTeX Font Info:    Try loading font information for OML+lmm on input line 27.

("C:\Program Files (x86)\MiKTeX 2.9\tex\latex\lm\omllmm.fd"
File: omllmm.fd 2009/10/30 v1.6 Font defs for Latin Modern
)<<oml.cmap>>
LaTeX Font Info:    Try loading font information for OMS+lmsy on input line 27.


("C:\Program Files (x86)\MiKTeX 2.9\tex\latex\lm\omslmsy.fd"
File: omslmsy.fd 2009/10/30 v1.6 Font defs for Latin Modern
)<<oms.cmap>>
LaTeX Font Info:    Try loading font information for OMX+lmex on input line 27.


("C:\Program Files (x86)\MiKTeX 2.9\tex\latex\lm\omxlmex.fd"
File: omxlmex.fd 2009/10/30 v1.6 Font defs for Latin Modern
)
LaTeX Font Info:    External font `lmex10' loaded for size
(Font)              <12> on input line 27.
<<omx.cmap>>
LaTeX Font Info:    External font `lmex10' loaded for size
(Font)              <8> on input line 27.
LaTeX Font Info:    External font `lmex10' loaded for size
(Font)              <6> on input line 27.
LaTeX Font Info:    Try loading font information for T1+lmtt on input line 28.

("C:\Program Files (x86)\MiKTeX 2.9\tex\latex\lm\t1lmtt.fd"
File: t1lmtt.fd 2009/10/30 v1.6 Font defs for Latin Modern
)) [1




] [2]
(D:\Data\Documents\27.03\thesis\chapter_basics.tex
Chapter 2.

Underfull \hbox (badness 10000) in paragraph at lines 7--19

 []


Underfull \hbox (badness 10000) in paragraph at lines 7--19

 []

<pictures/voltagedivider.png, id=120, 248.93pt x 214.8025pt>
File: pictures/voltagedivider.png Graphic file (type png)

<use pictures/voltagedivider.png>
Package pdftex.def Info: pictures/voltagedivider.png used on input line 25.
(pdftex.def)             Requested size: 156.49014pt x 135.03786pt.

<pictures/pullupdiode.png, id=121, 314.17375pt x 174.6525pt>
File: pictures/pullupdiode.png Graphic file (type png)

<use pictures/pullupdiode.png>
Package pdftex.def Info: pictures/pullupdiode.png used on input line 29.
(pdftex.def)             Requested size: 199.16928pt x 110.71921pt.

("C:\Program Files (x86)\MiKTeX 2.9\tex\latex\listings\lstlang1.sty"
File: lstlang1.sty 2004/09/05 1.3 listings language file
)
Underfull \hbox (badness 10000) in paragraph at lines 48--61

 []


Underfull \hbox (badness 10000) in paragraph at lines 48--61

 []


Underfull \hbox (badness 10000) in paragraph at lines 48--61

 []


Underfull \hbox (badness 10000) in paragraph at lines 48--61

 []

[3




]
Overfull \hbox (22.01317pt too wide) in paragraph at lines 65--66
[][][][][][][][][][][][][][][][][][][][][][][][][][][][][][][][][][][][][][][][
] 
 []

[4 <D:/Data/Documents/27.03/thesis/pictures/voltagedivider.png (PNG copy)> <D:/
Data/Documents/27.03/thesis/pictures/pullupdiode.png (PNG copy)>]
LaTeX Font Info:    Try loading font information for OMS+lmr on input line 73.

("C:\Program Files (x86)\MiKTeX 2.9\tex\latex\lm\omslmr.fd"
File: omslmr.fd 2009/10/30 v1.6 Font defs for Latin Modern
)
LaTeX Font Info:    Font shape `OMS/lmr/m/n' in size <12> not available
(Font)              Font shape `OMS/lmsy/m/n' tried instead on input line 73.
)
Underfull \hbox (badness 10000) in paragraph at lines 81--3

 []


Underfull \hbox (badness 10000) in paragraph at lines 81--3

 []


Underfull \hbox (badness 10000) in paragraph at lines 81--3

 []

[5] (D:\Data\Documents\27.03\thesis\chapter_realisations.tex
Chapter 3.

Underfull \hbox (badness 10000) in paragraph at lines 15--19

 []


Underfull \hbox (badness 10000) in paragraph at lines 20--27

 []

<pictures/ntcthermistor.png, id=157, 572.1375pt x 411.03563pt>
File: pictures/ntcthermistor.png Graphic file (type png)

<use pictures/ntcthermistor.png>
Package pdftex.def Info: pictures/ntcthermistor.png used on input line 30.
(pdftex.def)             Requested size: 199.16928pt x 143.0869pt.


LaTeX Warning: `!h' float specifier changed to `!ht'.


Underfull \hbox (badness 10000) in paragraph at lines 35--40

 []

[6




]
Underfull \hbox (badness 10000) in paragraph at lines 67--75

 []


Underfull \hbox (badness 10000) in paragraph at lines 67--75

 []

[7 <D:/Data/Documents/27.03/thesis/pictures/ntcthermistor.png (PNG copy)>]
<pictures/pinoutHD44780.png, id=172, 116.435pt x 331.2375pt>
File: pictures/pinoutHD44780.png Graphic file (type png)

<use pictures/pinoutHD44780.png>
Package pdftex.def Info: pictures/pinoutHD44780.png used on input line 78.
(pdftex.def)             Requested size: 56.9055pt x 161.88322pt.

Underfull \hbox (badness 10000) in paragraph at lines 86--94

 []

[8 <D:/Data/Documents/27.03/thesis/pictures/pinoutHD44780.png (PNG copy)>]
Underfull \hbox (badness 10000) in paragraph at lines 99--103

 []


Underfull \hbox (badness 10000) in paragraph at lines 106--117

 []


Underfull \hbox (badness 10000) in paragraph at lines 106--117

 []


Underfull \hbox (badness 10000) in paragraph at lines 106--117

 []

[9]
Underfull \hbox (badness 10000) in paragraph at lines 122--126

 []


Overfull \hbox (14.0822pt too wide) in paragraph at lines 127--132
[]\T1/lmr/m/n/12 Functions for timers: []\T1/lmtt/m/n/12 <time.h> <signals.h> [
]timer_create(2) []timer_settime(2)
 []


Overfull \hbox (6.51414pt too wide) in paragraph at lines 136--140
[][]\T1/lmtt/m/n/12 <sys/timerfd.h> []timefd_create(2) []timerfd_settime(2) []t
imerfd_gettime(2) 
 []

("C:\Program Files (x86)\MiKTeX 2.9\tex\latex\listings\lstlang1.sty"
File: lstlang1.sty 2004/09/05 1.3 listings language file
)
Underfull \hbox (badness 10000) in paragraph at lines 143--145

 []

[10]
LaTeX Font Info:    External font `lmex10' loaded for size
(Font)              <5> on input line 147.

Underfull \hbox (badness 10000) in paragraph at lines 153--156

 []


Underfull \hbox (badness 10000) in paragraph at lines 153--156

 []

LaTeX Font Info:    Font shape `OMS/lmr/m/n' in size <8> not available
(Font)              Font shape `OMS/lmsy/m/n' tried instead on input line 169.

Underfull \hbox (badness 10000) in paragraph at lines 176--184

 []


Underfull \hbox (badness 10000) in paragraph at lines 176--184

 []


Underfull \hbox (badness 10000) in paragraph at lines 176--184

 []

[11]
Overfull \hbox (22.01317pt too wide) in paragraph at lines 186--187
[][][][][][][][][][][][][][][][][][][][][][][][][][][][][][][][][][][][][][][] 

 []


Underfull \hbox (badness 10000) in paragraph at lines 194--206

 []


Underfull \hbox (badness 10000) in paragraph at lines 194--206

 []


Underfull \hbox (badness 10000) in paragraph at lines 194--206

 []

) [12] (D:\Data\Documents\27.03\thesis\chapter_conclusions.tex
Chapter 4.
)
Underfull \hbox (badness 10000) in paragraph at lines 3--5

 []


Underfull \hbox (badness 10000) in paragraph at lines 3--5

 []

[13




])
LaTeX Font Info:    External font `lmex10' loaded for size
(Font)              <10> on input line 81.
LaTeX Font Info:    External font `lmex10' loaded for size
(Font)              <7> on input line 81.

Underfull \hbox (badness 1783) in paragraph at lines 81--82
[]\T1/lmr/m/n/10 BeagleBone get-ting started guide: []$\T1/lmtt/m/n/10 http : /
 / beagleboard . org / static / beaglebone / a3 /
 []


Underfull \hbox (badness 10000) in paragraph at lines 82--83
[]\T1/lmr/m/n/10 BeagleBone SRM Datasheet:[]$\T1/lmtt/m/n/10 http : / / beagleb
oard . org / static / beaglebone / a3 / Docs /
 []


Underfull \hbox (badness 10000) in paragraph at lines 86--87
[]\T1/lmr/m/n/10 Putty project home-page: []$\T1/lmtt/m/n/10 http : / / www . c
hiark . greenend . org . uk / ~sgtatham / putty /
 []

Package atveryend Info: Empty hook `BeforeClearDocument' on input line 96.
[14



]
Package atveryend Info: Empty hook `AfterLastShipout' on input line 96.
 (D:\Data\Documents\27.03\thesis\thesis.aux
(D:\Data\Documents\27.03\thesis\chapter_introduction.aux)
(D:\Data\Documents\27.03\thesis\chapter_basics.aux)
(D:\Data\Documents\27.03\thesis\chapter_realisations.aux)
(D:\Data\Documents\27.03\thesis\chapter_conclusions.aux))
Package atveryend Info: Executing hook `AtVeryEndDocument' on input line 96.
Package atveryend Info: Executing hook `AtEndAfterFileList' on input line 96.
Package rerunfilecheck Info: File `thesis.out' has not changed.
(rerunfilecheck)             Checksum: 1EC88652D0C36478B7FC1093A706B4C2;1070.
 ) 
Here is how much of TeX's memory you used:
 10175 strings out of 494045
 155560 string characters out of 3145973
 293367 words of memory out of 3000000
 13141 multiletter control sequences out of 15000+200000
 82332 words of font info for 55 fonts, out of 3000000 for 9000
 715 hyphenation exceptions out of 8191
 49i,8n,52p,1051b,1872s stack positions out of 5000i,500n,10000p,200000b,50000s
{C:/Program Files (x86)/MiKTeX 2.9/fonts/enc/dvips/lm/lm-ec.enc}{C:/Program F
iles (x86)/MiKTeX 2.9/fonts/enc/dvips/lm/lm-mathit.enc}{C:/Program Files (x86)/
MiKTeX 2.9/fonts/enc/dvips/lm/lm-mathsy.enc}{C:/Program Files (x86)/MiKTeX 2.9/
fonts/enc/dvips/lm/lm-rm.enc}<C:/Program Files (x86)/MiKTeX 2.9/fonts/type1/pub
lic/lm/lmbx12.pfb><C:/Program Files (x86)/MiKTeX 2.9/fonts/type1/public/lm/lmbx
8.pfb><C:/Program Files (x86)/MiKTeX 2.9/fonts/type1/public/lm/lmmi12.pfb><C:/P
rogram Files (x86)/MiKTeX 2.9/fonts/type1/public/lm/lmmi8.pfb><C:/Program Files
 (x86)/MiKTeX 2.9/fonts/type1/public/lm/lmr10.pfb><C:/Program Files (x86)/MiKTe
X 2.9/fonts/type1/public/lm/lmr12.pfb><C:/Program Files (x86)/MiKTeX 2.9/fonts/
type1/public/lm/lmr8.pfb><C:/Program Files (x86)/MiKTeX 2.9/fonts/type1/public/
lm/lmri12.pfb><C:/Program Files (x86)/MiKTeX 2.9/fonts/type1/public/lm/lmri8.pf
b><C:/Program Files (x86)/MiKTeX 2.9/fonts/type1/public/lm/lmro12.pfb><C:/Progr
am Files (x86)/MiKTeX 2.9/fonts/type1/public/lm/lmssbx10.pfb><C:/Program Files 
(x86)/MiKTeX 2.9/fonts/type1/public/lm/lmsy10.pfb><C:/Program Files (x86)/MiKTe
X 2.9/fonts/type1/public/lm/lmsy8.pfb><C:/Program Files (x86)/MiKTeX 2.9/fonts/
type1/public/lm/lmtt10.pfb><C:/Program Files (x86)/MiKTeX 2.9/fonts/type1/publi
c/lm/lmtt12.pfb>
Output written on thesis.pdf (15 pages, 442707 bytes).
PDF statistics:
 311 PDF objects out of 1000 (max. 8388607)
 79 named destinations out of 1000 (max. 500000)
 179 words of extra memory for PDF output out of 10000 (max. 10000000)

